<?xml version="1.0" encoding="UTF-8"?>
<testsuite name="addressbook.tests.ContactPhoneTests" tests="1" skipped="0" failures="0" errors="0" timestamp="2017-02-23T14:56:35" hostname="prog7" time="0.25">
  <properties/>
  <testcase name="testContactPhones" classname="addressbook.tests.ContactPhoneTests" time="0.25"/>
  <system-out><![CDATA[]]></system-out>
  <system-err><![CDATA[]]></system-err>
</testsuite>
