<?xml version="1.0" encoding="UTF-8"?>
<testsuite name="addressbook.tests.ContactDeletionTests" tests="1" skipped="0" failures="0" errors="0" timestamp="2017-02-23T14:56:36" hostname="prog7" time="1.143">
  <properties/>
  <testcase name="testContactDeletion" classname="addressbook.tests.ContactDeletionTests" time="1.143"/>
  <system-out><![CDATA[]]></system-out>
  <system-err><![CDATA[]]></system-err>
</testsuite>
