<?xml version="1.0" encoding="UTF-8"?>
<testsuite name="addressbook.tests.ContactModificationTests" tests="1" skipped="0" failures="0" errors="0" timestamp="2017-02-23T14:56:33" hostname="prog7" time="1.462">
  <properties/>
  <testcase name="testContactModification" classname="addressbook.tests.ContactModificationTests" time="1.462"/>
  <system-out><![CDATA[]]></system-out>
  <system-err><![CDATA[]]></system-err>
</testsuite>
