<?xml version="1.0" encoding="UTF-8"?>
<testsuite name="addressbook.tests.ContactCreationTests" tests="4" skipped="0" failures="0" errors="0" timestamp="2017-02-22T12:23:12" hostname="prog7" time="14.608">
  <properties/>
  <testcase name="testContactCreation[0](ContactData{id=2147483647, firstName='Ivan0', secondName='Ivanov0'})" classname="addressbook.tests.ContactCreationTests" time="5.326"/>
  <testcase name="testContactCreation[1](ContactData{id=2147483647, firstName='Ivan1', secondName='Ivanov1'})" classname="addressbook.tests.ContactCreationTests" time="3.083"/>
  <testcase name="testContactCreation[2](ContactData{id=2147483647, firstName='Ivan2', secondName='Ivanov2'})" classname="addressbook.tests.ContactCreationTests" time="2.982"/>
  <testcase name="testContactCreation[3](ContactData{id=2147483647, firstName='Ivan3', secondName='Ivanov3'})" classname="addressbook.tests.ContactCreationTests" time="3.216"/>
  <system-out><![CDATA[]]></system-out>
  <system-err><![CDATA[]]></system-err>
</testsuite>
