<?xml version="1.0" encoding="UTF-8"?>
<testsuite name="addressbook.tests.ContactEmailTests" tests="1" skipped="0" failures="0" errors="0" timestamp="2017-02-23T14:56:35" hostname="prog7" time="0.292">
  <properties/>
  <testcase name="testContactEmails" classname="addressbook.tests.ContactEmailTests" time="0.292"/>
  <system-out><![CDATA[]]></system-out>
  <system-err><![CDATA[]]></system-err>
</testsuite>
