<?xml version="1.0" encoding="UTF-8"?>
<testsuite name="addressbook.tests.ContactAddressTests" tests="1" skipped="0" failures="0" errors="0" timestamp="2017-02-23T14:56:34" hostname="prog7" time="0.352">
  <properties/>
  <testcase name="testContactsAddress" classname="addressbook.tests.ContactAddressTests" time="0.352"/>
  <system-out><![CDATA[]]></system-out>
  <system-err><![CDATA[]]></system-err>
</testsuite>
