<?xml version="1.0" encoding="UTF-8"?>
<testsuite name="addressbook.tests.ContactCreationTests" tests="10" skipped="0" failures="0" errors="0" timestamp="2017-02-22T11:27:21" hostname="prog7" time="130.894">
  <properties/>
  <testcase name="testContactCreation[0](ContactData{id=2147483647, firstName='Ivan0', secondName='Ivanov0'})" classname="addressbook.tests.ContactCreationTests" time="23.478"/>
  <testcase name="testContactCreation[1](ContactData{id=2147483647, firstName='Ivan1', secondName='Ivanov1'})" classname="addressbook.tests.ContactCreationTests" time="13.253"/>
  <testcase name="testContactCreation[2](ContactData{id=2147483647, firstName='Ivan2', secondName='Ivanov2'})" classname="addressbook.tests.ContactCreationTests" time="11.435"/>
  <testcase name="testContactCreation[3](ContactData{id=2147483647, firstName='Ivan3', secondName='Ivanov3'})" classname="addressbook.tests.ContactCreationTests" time="11.459"/>
  <testcase name="testContactCreation[4](ContactData{id=2147483647, firstName='Ivan4', secondName='Ivanov4'})" classname="addressbook.tests.ContactCreationTests" time="12.107"/>
  <testcase name="testContactCreation[5](ContactData{id=2147483647, firstName='Ivan5', secondName='Ivanov5'})" classname="addressbook.tests.ContactCreationTests" time="11.157"/>
  <testcase name="testContactCreation[6](ContactData{id=2147483647, firstName='Ivan6', secondName='Ivanov6'})" classname="addressbook.tests.ContactCreationTests" time="11.676"/>
  <testcase name="testContactCreation[7](ContactData{id=2147483647, firstName='Ivan7', secondName='Ivanov7'})" classname="addressbook.tests.ContactCreationTests" time="12.112"/>
  <testcase name="testContactCreation[8](ContactData{id=2147483647, firstName='Ivan8', secondName='Ivanov8'})" classname="addressbook.tests.ContactCreationTests" time="11.983"/>
  <testcase name="testContactCreation[9](ContactData{id=2147483647, firstName='Ivan9', secondName='Ivanov9'})" classname="addressbook.tests.ContactCreationTests" time="12.232"/>
  <system-out><![CDATA[]]></system-out>
  <system-err><![CDATA[]]></system-err>
</testsuite>
