<?xml version="1.0" encoding="UTF-8"?>
<testsuite name="addressbook.tests.GroupDeletionTests" tests="1" skipped="0" failures="0" errors="0" timestamp="2017-02-22T11:15:37" hostname="prog7" time="1.447">
  <properties/>
  <testcase name="testGroupDeletion" classname="addressbook.tests.GroupDeletionTests" time="1.447"/>
  <system-out><![CDATA[]]></system-out>
  <system-err><![CDATA[]]></system-err>
</testsuite>
