<?xml version="1.0" encoding="UTF-8"?>
<testsuite name="addressbook.tests.GroupCreationTests" tests="4" skipped="0" failures="0" errors="0" timestamp="2017-02-22T11:15:24" hostname="prog7" time="10.393">
  <properties/>
  <testcase name="testGroupCreation[0](GroupData{id='2147483647', name='test 0'})" classname="addressbook.tests.GroupCreationTests" time="3.081"/>
  <testcase name="testGroupCreation[1](GroupData{id='2147483647', name='test 1'})" classname="addressbook.tests.GroupCreationTests" time="2.433"/>
  <testcase name="testGroupCreation[2](GroupData{id='2147483647', name='test 2'})" classname="addressbook.tests.GroupCreationTests" time="2.415"/>
  <testcase name="testGroupCreation[3](GroupData{id='2147483647', name='test 3'})" classname="addressbook.tests.GroupCreationTests" time="2.462"/>
  <system-out><![CDATA[]]></system-out>
  <system-err><![CDATA[]]></system-err>
</testsuite>
